\BOOKMARK [1][-]{section.1}{Physics and Computation of Aero-Optics wang:arofm:2012}{}% 1
\BOOKMARK [1][-]{section.2}{Aero-optical effects in non-equilibrium air tropina:plc:2018}{}% 2
\BOOKMARK [1][-]{section.3}{Aero-Optic Distortion in Transonic and Hypersonic Turbulent Boundary Layers wyckhman:aiaa:2009}{}% 3
\BOOKMARK [1][-]{section.4}{HyperCode:A framework for high-order accurate turbulent non-equilibrium hypersonic flow simulation vogiatzis:scitech:2020}{}% 4
\BOOKMARK [1][-]{section.5}{Dome and mirror seeing estimates from the Thirty Meter Telescope pazder:spie:2006}{}% 5
\BOOKMARK [1][-]{section.6}{Role of High Fidelity Nonequilibrium Modeling in Laminar and Turbulent Flows for High Speed ISR Missions vogiatzis:tp:2016}{}% 6
\BOOKMARK [1][-]{section.7}{Aero-thermal simulations of the TMT Laser Guide Star Facility vogiatzis:spie:2014}{}% 7
\BOOKMARK [1][-]{section.8}{Analytical Approach for Aero-Optical \046 Atmospheric Effects in Supersonic Flow Fields gupta:scitech:2020}{}% 8
\BOOKMARK [1][-]{section.9}{Optical distortion caused by propagation through turbulent shear layer pade:spie:2003}{}% 9
\BOOKMARK [1][-]{section.10}{Modeling Radio Communication Blackout and Blackout Mitigation in Hypersonic Vehicles kundrapu:jsr:2015}{}% 10
\BOOKMARK [1][-]{section.11}{Assessment of Hypersonic Flow Physics on Aero-Optics mackey:aiaa:2019}{}% 11
\BOOKMARK [1][-]{section.12}{Influence of vibrational non-equilibrium on the polarizability and refraction index in air: computational study tropina:jop:2019}{}% 12
\BOOKMARK [1][-]{section.13}{Table of Gladstone-Dale constants on the ground state}{}% 13
\BOOKMARK [1][-]{section.14}{Atmospheric Propagation Vs. Aero-Optics siegenthaler:aiaa:2008}{}% 14
\BOOKMARK [1][-]{section.15}{Study on the Effect of Compressibility and Knudsen number on Aero Optics in Supersonic/Hypersonic Flows ren:fdc:2012}{}% 15
\BOOKMARK [1][-]{section.16}{Molecular Polarizability - an Introduction}{}% 16
\BOOKMARK [1][-]{section.17}{Physics and Measurement of Aero-Optical Effects: Past and Present jumper:arofm:2017}{}% 17
\BOOKMARK [1][-]{section.18}{Resolution requirements for aero-optical simulations mani:jocp:2008}{}% 18
\BOOKMARK [1][-]{section.19}{Theory and applications of atomic and ionic polarizabilities mitroy:jop:2010}{}% 19
\BOOKMARK [1][-]{section.20}{Development of an Integrated Aero-Optics Modeling Capability: OVERFLOW-aeroOptics coirier:aerospace:2010}{}% 20
\BOOKMARK [1][-]{section.21}{Numerical study of evaluating the optical quality of supersonic flow fields wang:ao:2007}{}% 21
\BOOKMARK [1][-]{section.22}{Computation study of aero-optical distortions by a turbulent wake mani:aiaa:2005}{}% 22
\BOOKMARK [1][-]{section.23}{A simple adaptive mesh generator for 2D finite element calculations \(optical-wave theory\) fernandez:ieee:1993}{}% 23
\BOOKMARK [1][-]{section.24}{CFD Mesh Generation: A Practical Guideline}{}% 24
